<?xml version="1.0" encoding="UTF-8"?>
<testng-results skipped="0" failed="0" total="1" passed="1">
  <reporter-output>
  </reporter-output>
  <suite name="Default suite" duration-ms="26550" started-at="2025-01-31T04:19:36Z" finished-at="2025-01-31T04:20:03Z">
    <groups>
    </groups>
    <test name="Default test" duration-ms="26550" started-at="2025-01-31T04:19:36Z" finished-at="2025-01-31T04:20:03Z">
      <class name="org.leet.LeetLogin">
        <test-method status="PASS" signature="beforeClass()[pri:0, instance:org.leet.LeetLogin@6eebc39e]" name="beforeClass" is-config="true" duration-ms="5374" started-at="2025-01-31T09:49:36Z" finished-at="2025-01-31T09:49:41Z">
          <reporter-output>
          </reporter-output>
        </test-method> <!-- beforeClass -->
        <test-method status="PASS" signature="testLogin()[pri:0, instance:org.leet.LeetLogin@6eebc39e]" name="testLogin" duration-ms="21151" started-at="2025-01-31T09:49:41Z" finished-at="2025-01-31T09:50:03Z">
          <reporter-output>
          </reporter-output>
        </test-method> <!-- testLogin -->
      </class> <!-- org.leet.LeetLogin -->
    </test> <!-- Default test -->
  </suite> <!-- Default suite -->
</testng-results>
